Configuration file: D:/Blog-Agent/jekyll-theme-chirpy/_config.yml
 Theme Config file: D:/Blog-Agent/jekyll-theme-chirpy/_config.yml
            Source: D:/Blog-Agent/jekyll-theme-chirpy
       Destination: D:/Blog-Agent/jekyll-theme-chirpy/_site
 Incremental build: disabled. Enable with --incremental
      Generating... 
                    done in 1.726 seconds.
 Auto-regeneration: enabled for 'D:/Blog-Agent/jekyll-theme-chirpy'
LiveReload address: http://127.0.0.1:35729
    Server address: http://127.0.0.1:4000/
  Server running... press ctrl-c to stop.
        LiveReload: Browser connected
[2026-02-21 16:50:55] ERROR '/.well-known/appspecific/com.chrome.devtools.json' not found.
[2026-02-21 16:50:55] ERROR '/assets/lib/loading-attribute-polyfill/loading-attribute-polyfill.css.map' not found.
[2026-02-21 16:50:56] ERROR '/assets/lib/loading-attribute-polyfill/loading-attribute-polyfill.umd.js.map' not found.
[2026-02-21 16:51:03] ERROR '/.well-known/appspecific/com.chrome.devtools.json' not found.
[2026-02-21 16:51:04] ERROR '/assets/lib/loading-attribute-polyfill/loading-attribute-polyfill.css.map' not found.
[2026-02-21 16:51:04] ERROR '/assets/lib/loading-attribute-polyfill/loading-attribute-polyfill.umd.js.map' not found.
[2026-02-21 16:51:04] ERROR '/.well-known/appspecific/com.chrome.devtools.json' not found.
[2026-02-21 16:51:04] ERROR '/assets/lib/loading-attribute-polyfill/loading-attribute-polyfill.css.map' not found.
[2026-02-21 16:51:05] ERROR '/assets/lib/loading-attribute-polyfill/loading-attribute-polyfill.umd.js.map' not found.
[2026-02-21 16:51:05] ERROR '/.well-known/appspecific/com.chrome.devtools.json' not found.
[2026-02-21 16:51:05] ERROR '/assets/lib/loading-attribute-polyfill/loading-attribute-polyfill.css.map' not found.
[2026-02-21 16:51:05] ERROR '/assets/lib/loading-attribute-polyfill/loading-attribute-polyfill.umd.js.map' not found.
      Regenerating: 1 file(s) changed at 2026-02-21 16:55:40
                    _javascript/modules/components/search.js
                    ...done in 1.4459049 seconds.
                    
[2026-02-21 16:55:42] ERROR '/.well-known/appspecific/com.chrome.devtools.json' not found.
[2026-02-21 16:55:43] ERROR '/assets/lib/loading-attribute-polyfill/loading-attribute-polyfill.umd.js.map' not found.
[2026-02-21 16:55:43] ERROR '/assets/lib/loading-attribute-polyfill/loading-attribute-polyfill.css.map' not found.
      Regenerating: 1 file(s) changed at 2026-02-21 16:55:51
                    _javascript/modules/components.js
                    ...done in 1.2402763 seconds.
                    
[2026-02-21 16:55:53] ERROR '/.well-known/appspecific/com.chrome.devtools.json' not found.
[2026-02-21 16:55:53] ERROR '/assets/lib/loading-attribute-polyfill/loading-attribute-polyfill.umd.js.map' not found.
[2026-02-21 16:55:53] ERROR '/assets/lib/loading-attribute-polyfill/loading-attribute-polyfill.css.map' not found.
      Regenerating: 1 file(s) changed at 2026-02-21 16:56:05
                    _javascript/modules/layouts/basic.js
                    ...done in 0.9796316 seconds.
                    
[2026-02-21 16:56:07] ERROR '/.well-known/appspecific/com.chrome.devtools.json' not found.
[2026-02-21 16:56:07] ERROR '/assets/lib/loading-attribute-polyfill/loading-attribute-polyfill.umd.js.map' not found.
[2026-02-21 16:56:07] ERROR '/assets/lib/loading-attribute-polyfill/loading-attribute-polyfill.css.map' not found.
      Regenerating: 1 file(s) changed at 2026-02-21 16:56:17
                    _includes/search-loader.html
                    ...done in 0.9624503 seconds.
                    
[2026-02-21 16:56:19] ERROR '/.well-known/appspecific/com.chrome.devtools.json' not found.
[2026-02-21 16:56:19] ERROR '/assets/lib/loading-attribute-polyfill/loading-attribute-polyfill.umd.js.map' not found.
[2026-02-21 16:56:19] ERROR '/assets/lib/loading-attribute-polyfill/loading-attribute-polyfill.css.map' not found.
      Regenerating: 1 file(s) changed at 2026-02-21 16:56:39
                    _includes/js-selector.html
                    ...done in 0.9619258 seconds.
                    
[2026-02-21 16:56:41] ERROR '/.well-known/appspecific/com.chrome.devtools.json' not found.
[2026-02-21 16:56:41] ERROR '/["/assets/lib/loading-attribute-polyfill/loading-attribute-polyfill.umd.min.js"' not found.
[2026-02-21 16:56:41] ERROR '/ "/assets/lib/dayjs/dayjs.min.js"' not found.
[2026-02-21 16:56:41] ERROR '/ "/assets/lib/dayjs/locale/en.js"]' not found.
[2026-02-21 16:56:41] ERROR '/assets/lib/loading-attribute-polyfill/loading-attribute-polyfill.css.map' not found.
      Regenerating: 1 file(s) changed at 2026-02-21 16:56:53
                    _includes/jsdelivr-combine.html
                    ...done in 1.001021 seconds.
                    
[2026-02-21 16:56:55] ERROR '/["/assets/lib/loading-attribute-polyfill/loading-attribute-polyfill.umd.min.js"' not found.
[2026-02-21 16:56:55] ERROR '/.well-known/appspecific/com.chrome.devtools.json' not found.
[2026-02-21 16:56:55] ERROR '/ "/assets/lib/dayjs/dayjs.min.js"' not found.
[2026-02-21 16:56:55] ERROR '/ "/assets/lib/dayjs/locale/en.js"]' not found.
[2026-02-21 16:56:55] ERROR '/assets/lib/loading-attribute-polyfill/loading-attribute-polyfill.css.map' not found.
      Regenerating: 1 file(s) changed at 2026-02-21 16:57:12
                    assets/css/jekyll-theme-chirpy.scss
                    ...done in 1.0271472 seconds.
                    
[2026-02-21 16:57:14] ERROR '/.well-known/appspecific/com.chrome.devtools.json' not found.
[2026-02-21 16:57:14] ERROR '/["/assets/lib/loading-attribute-polyfill/loading-attribute-polyfill.umd.min.js"' not found.
[2026-02-21 16:57:14] ERROR '/ "/assets/lib/dayjs/dayjs.min.js"' not found.
[2026-02-21 16:57:14] ERROR '/ "/assets/lib/dayjs/locale/en.js"]' not found.
[2026-02-21 16:57:14] ERROR '/assets/lib/loading-attribute-polyfill/loading-attribute-polyfill.css.map' not found.
      Regenerating: 1 file(s) changed at 2026-02-21 16:57:28
                    assets/css/jekyll-theme-chirpy.scss
                    ...done in 1.060295 seconds.
                    
[2026-02-21 16:57:30] ERROR '/.well-known/appspecific/com.chrome.devtools.json' not found.
[2026-02-21 16:57:30] ERROR '/["/assets/lib/loading-attribute-polyfill/loading-attribute-polyfill.umd.min.js"' not found.
[2026-02-21 16:57:30] ERROR '/ "/assets/lib/dayjs/dayjs.min.js"' not found.
[2026-02-21 16:57:30] ERROR '/ "/assets/lib/dayjs/locale/en.js"]' not found.
[2026-02-21 16:57:30] ERROR '/assets/lib/loading-attribute-polyfill/loading-attribute-polyfill.css.map' not found.
      Regenerating: 1 file(s) changed at 2026-02-21 16:57:43
                    assets/css/jekyll-theme-chirpy.scss
                    ...done in 1.0367505 seconds.
                    
[2026-02-21 16:57:45] ERROR '/.well-known/appspecific/com.chrome.devtools.json' not found.
[2026-02-21 16:57:45] ERROR '/["/assets/lib/loading-attribute-polyfill/loading-attribute-polyfill.umd.min.js"' not found.
[2026-02-21 16:57:45] ERROR '/ "/assets/lib/dayjs/dayjs.min.js"' not found.
[2026-02-21 16:57:45] ERROR '/ "/assets/lib/dayjs/locale/en.js"]' not found.
[2026-02-21 16:57:45] ERROR '/assets/lib/loading-attribute-polyfill/loading-attribute-polyfill.css.map' not found.
[2026-02-21 17:00:47] ERROR '/.well-known/appspecific/com.chrome.devtools.json' not found.
[2026-02-21 17:00:47] ERROR '/["/assets/lib/loading-attribute-polyfill/loading-attribute-polyfill.umd.min.js"' not found.
[2026-02-21 17:00:47] ERROR '/ "/assets/lib/dayjs/locale/en.js"]' not found.
[2026-02-21 17:00:47] ERROR '/ "/assets/lib/dayjs/dayjs.min.js"' not found.
[2026-02-21 17:00:47] ERROR '/assets/lib/loading-attribute-polyfill/loading-attribute-polyfill.css.map' not found.
[2026-02-21 17:00:48] ERROR '/.well-known/appspecific/com.chrome.devtools.json' not found.
[2026-02-21 17:00:48] ERROR '/ "/assets/lib/dayjs/dayjs.min.js"' not found.
[2026-02-21 17:00:48] ERROR '/["/assets/lib/loading-attribute-polyfill/loading-attribute-polyfill.umd.min.js"' not found.
[2026-02-21 17:00:48] ERROR '/ "/assets/lib/dayjs/locale/en.js"]' not found.
[2026-02-21 17:00:48] ERROR '/assets/lib/loading-attribute-polyfill/loading-attribute-polyfill.css.map' not found.
[2026-02-21 17:00:52] ERROR '/.well-known/appspecific/com.chrome.devtools.json' not found.
[2026-02-21 17:00:52] ERROR '/["/assets/lib/loading-attribute-polyfill/loading-attribute-polyfill.umd.min.js"' not found.
[2026-02-21 17:00:52] ERROR '/ "/assets/lib/glightbox/glightbox.min.js"' not found.
[2026-02-21 17:00:52] ERROR '/ "/assets/lib/clipboard/clipboard.min.js"' not found.
[2026-02-21 17:00:52] ERROR '/ "/assets/lib/dayjs/dayjs.min.js"' not found.
[2026-02-21 17:00:52] ERROR '/ "/assets/lib/dayjs/locale/en.js"]' not found.
[2026-02-21 17:00:52] ERROR '/assets/lib/loading-attribute-polyfill/loading-attribute-polyfill.css.map' not found.
[2026-02-21 17:00:52] ERROR '/assets/lib/tocbot/tocbot.css.map' not found.
[2026-02-21 17:01:20] ERROR '/["/assets/lib/loading-attribute-polyfill/loading-attribute-polyfill.umd.min.js"' not found.
[2026-02-21 17:01:20] ERROR '/ "/assets/lib/clipboard/clipboard.min.js"' not found.
[2026-02-21 17:01:20] ERROR '/ "/assets/lib/glightbox/glightbox.min.js"' not found.
[2026-02-21 17:01:20] ERROR '/ "/assets/lib/dayjs/locale/en.js"]' not found.
[2026-02-21 17:01:20] ERROR '/ "/assets/lib/dayjs/dayjs.min.js"' not found.
[2026-02-21 17:01:21] ERROR '/.well-known/appspecific/com.chrome.devtools.json' not found.
[2026-02-21 17:01:21] ERROR '/assets/lib/tocbot/tocbot.css.map' not found.
[2026-02-21 17:01:21] ERROR '/assets/lib/loading-attribute-polyfill/loading-attribute-polyfill.css.map' not found.
[2026-02-21 17:01:29] ERROR '/["/assets/lib/loading-attribute-polyfill/loading-attribute-polyfill.umd.min.js"' not found.
[2026-02-21 17:01:29] ERROR '/.well-known/appspecific/com.chrome.devtools.json' not found.
[2026-02-21 17:01:29] ERROR '/ "/assets/lib/glightbox/glightbox.min.js"' not found.
[2026-02-21 17:01:29] ERROR '/ "/assets/lib/clipboard/clipboard.min.js"' not found.
[2026-02-21 17:01:29] ERROR '/ "/assets/lib/dayjs/dayjs.min.js"' not found.
[2026-02-21 17:01:29] ERROR '/ "/assets/lib/dayjs/locale/en.js"]' not found.
[2026-02-21 17:01:29] ERROR '/assets/lib/loading-attribute-polyfill/loading-attribute-polyfill.css.map' not found.
[2026-02-21 17:01:29] ERROR '/assets/lib/tocbot/tocbot.css.map' not found.
[2026-02-21 17:01:32] ERROR '/["/assets/lib/dayjs/dayjs.min.js"' not found.
[2026-02-21 17:01:32] ERROR '/.well-known/appspecific/com.chrome.devtools.json' not found.
[2026-02-21 17:01:32] ERROR '/ "/assets/lib/dayjs/locale/en.js"]' not found.
[2026-02-21 17:01:34] ERROR '/feeds/' not found.
[2026-02-21 17:01:34] ERROR '/.well-known/appspecific/com.chrome.devtools.json' not found.
[2026-02-21 17:01:34] ERROR '/assets/lib/loading-attribute-polyfill/loading-attribute-polyfill.css.map' not found.
[2026-02-21 17:01:34] ERROR '/assets/lib/loading-attribute-polyfill/loading-attribute-polyfill.umd.js.map' not found.
[2026-02-21 17:01:34] ERROR '/.well-known/appspecific/com.chrome.devtools.json' not found.
[2026-02-21 17:01:35] ERROR '/assets/lib/loading-attribute-polyfill/loading-attribute-polyfill.umd.js.map' not found.
[2026-02-21 17:01:35] ERROR '/assets/lib/loading-attribute-polyfill/loading-attribute-polyfill.css.map' not found.
[2026-02-21 17:01:36] ERROR '/.well-known/appspecific/com.chrome.devtools.json' not found.
[2026-02-21 17:01:36] ERROR '/["/assets/lib/loading-attribute-polyfill/loading-attribute-polyfill.umd.min.js"' not found.
[2026-02-21 17:01:36] ERROR '/ "/assets/lib/dayjs/dayjs.min.js"' not found.
[2026-02-21 17:01:36] ERROR '/ "/assets/lib/dayjs/locale/en.js"]' not found.
[2026-02-21 17:01:36] ERROR '/assets/lib/loading-attribute-polyfill/loading-attribute-polyfill.css.map' not found.
[2026-02-21 17:02:09] ERROR '/.well-known/appspecific/com.chrome.devtools.json' not found.
[2026-02-21 17:02:09] ERROR '/["/assets/lib/loading-attribute-polyfill/loading-attribute-polyfill.umd.min.js"' not found.
[2026-02-21 17:02:09] ERROR '/ "/assets/lib/dayjs/dayjs.min.js"' not found.
[2026-02-21 17:02:09] ERROR '/ "/assets/lib/dayjs/locale/en.js"]' not found.
[2026-02-21 17:02:09] ERROR '/assets/lib/loading-attribute-polyfill/loading-attribute-polyfill.css.map' not found.
[2026-02-21 17:02:11] ERROR '/.well-known/appspecific/com.chrome.devtools.json' not found.
[2026-02-21 17:02:11] ERROR '/assets/lib/loading-attribute-polyfill/loading-attribute-polyfill.umd.js.map' not found.
[2026-02-21 17:02:11] ERROR '/assets/lib/loading-attribute-polyfill/loading-attribute-polyfill.css.map' not found.
[2026-02-21 17:02:11] ERROR '/.well-known/appspecific/com.chrome.devtools.json' not found.
[2026-02-21 17:02:13] ERROR '/.well-known/appspecific/com.chrome.devtools.json' not found.
[2026-02-21 17:02:13] ERROR '/["/assets/lib/dayjs/dayjs.min.js"' not found.
[2026-02-21 17:02:13] ERROR '/ "/assets/lib/dayjs/locale/en.js"]' not found.
[2026-02-21 17:02:14] ERROR '/["/assets/lib/loading-attribute-polyfill/loading-attribute-polyfill.umd.min.js"' not found.
[2026-02-21 17:02:14] ERROR '/ "/assets/lib/glightbox/glightbox.min.js"' not found.
[2026-02-21 17:02:14] ERROR '/.well-known/appspecific/com.chrome.devtools.json' not found.
[2026-02-21 17:02:14] ERROR '/ "/assets/lib/dayjs/dayjs.min.js"' not found.
[2026-02-21 17:02:14] ERROR '/ "/assets/lib/clipboard/clipboard.min.js"' not found.
[2026-02-21 17:02:14] ERROR '/ "/assets/lib/dayjs/locale/en.js"]' not found.
[2026-02-21 17:02:14] ERROR '/assets/lib/loading-attribute-polyfill/loading-attribute-polyfill.css.map' not found.
[2026-02-21 17:02:14] ERROR '/assets/lib/tocbot/tocbot.css.map' not found.
[2026-02-21 17:02:17] ERROR '/["/assets/lib/dayjs/dayjs.min.js"' not found.
[2026-02-21 17:02:17] ERROR '/ "/assets/lib/dayjs/locale/en.js"]' not found.
[2026-02-21 17:02:17] ERROR '/.well-known/appspecific/com.chrome.devtools.json' not found.
[2026-02-21 17:02:20] ERROR '/privacy/' not found.
[2026-02-21 17:02:20] ERROR '/.well-known/appspecific/com.chrome.devtools.json' not found.
[2026-02-21 17:02:20] ERROR '/assets/lib/loading-attribute-polyfill/loading-attribute-polyfill.css.map' not found.
[2026-02-21 17:02:20] ERROR '/assets/lib/loading-attribute-polyfill/loading-attribute-polyfill.umd.js.map' not found.
[2026-02-21 17:02:21] ERROR '/.well-known/appspecific/com.chrome.devtools.json' not found.
[2026-02-21 17:02:21] ERROR '/["/assets/lib/loading-attribute-polyfill/loading-attribute-polyfill.umd.min.js"' not found.
[2026-02-21 17:02:21] ERROR '/ "/assets/lib/dayjs/dayjs.min.js"' not found.
[2026-02-21 17:02:21] ERROR '/ "/assets/lib/dayjs/locale/en.js"]' not found.
[2026-02-21 17:02:21] ERROR '/assets/lib/loading-attribute-polyfill/loading-attribute-polyfill.css.map' not found.
[2026-02-21 17:02:22] ERROR '/.well-known/appspecific/com.chrome.devtools.json' not found.
[2026-02-21 17:02:28] ERROR '/.well-known/appspecific/com.chrome.devtools.json' not found.
[2026-02-21 17:02:29] ERROR '/.well-known/appspecific/com.chrome.devtools.json' not found.
[2026-02-21 17:02:29] ERROR '/["/assets/lib/dayjs/dayjs.min.js"' not found.
[2026-02-21 17:02:29] ERROR '/ "/assets/lib/dayjs/locale/en.js"]' not found.
[2026-02-21 17:02:29] ERROR '/.well-known/appspecific/com.chrome.devtools.json' not found.
[2026-02-21 17:02:29] ERROR '/["/assets/lib/loading-attribute-polyfill/loading-attribute-polyfill.umd.min.js"' not found.
[2026-02-21 17:02:29] ERROR '/ "/assets/lib/glightbox/glightbox.min.js"' not found.
[2026-02-21 17:02:29] ERROR '/ "/assets/lib/clipboard/clipboard.min.js"' not found.
[2026-02-21 17:02:29] ERROR '/ "/assets/lib/dayjs/dayjs.min.js"' not found.
[2026-02-21 17:02:29] ERROR '/ "/assets/lib/dayjs/locale/en.js"]' not found.
[2026-02-21 17:02:29] ERROR '/assets/lib/loading-attribute-polyfill/loading-attribute-polyfill.css.map' not found.
[2026-02-21 17:02:29] ERROR '/assets/lib/tocbot/tocbot.css.map' not found.
[2026-02-21 17:02:31] ERROR '/.well-known/appspecific/com.chrome.devtools.json' not found.
[2026-02-21 17:02:31] ERROR '/["/assets/lib/loading-attribute-polyfill/loading-attribute-polyfill.umd.min.js"' not found.
[2026-02-21 17:02:31] ERROR '/ "/assets/lib/dayjs/dayjs.min.js"' not found.
[2026-02-21 17:02:31] ERROR '/ "/assets/lib/dayjs/locale/en.js"]' not found.
[2026-02-21 17:02:31] ERROR '/assets/lib/loading-attribute-polyfill/loading-attribute-polyfill.css.map' not found.
[2026-02-21 17:02:52] ERROR '/.well-known/appspecific/com.chrome.devtools.json' not found.
[2026-02-21 17:02:53] ERROR '/["/assets/lib/loading-attribute-polyfill/loading-attribute-polyfill.umd.min.js"' not found.
[2026-02-21 17:02:53] ERROR '/ "/assets/lib/dayjs/dayjs.min.js"' not found.
[2026-02-21 17:02:53] ERROR '/ "/assets/lib/dayjs/locale/en.js"]' not found.
[2026-02-21 17:02:53] ERROR '/assets/lib/loading-attribute-polyfill/loading-attribute-polyfill.css.map' not found.
[2026-02-21 17:02:56] ERROR '/feeds/' not found.
[2026-02-21 17:02:56] ERROR '/ "/assets/lib/glightbox/glightbox.min.js"' not found.
[2026-02-21 17:02:56] ERROR '/["/assets/lib/loading-attribute-polyfill/loading-attribute-polyfill.umd.min.js"' not found.
[2026-02-21 17:02:56] ERROR '/ "/assets/lib/clipboard/clipboard.min.js"' not found.
[2026-02-21 17:02:56] ERROR '/ "/assets/lib/dayjs/dayjs.min.js"' not found.
[2026-02-21 17:02:56] ERROR '/ "/assets/lib/dayjs/locale/en.js"]' not found.
[2026-02-21 17:05:29] ERROR '/["/assets/lib/loading-attribute-polyfill/loading-attribute-polyfill.umd.min.js"' not found.
[2026-02-21 17:05:29] ERROR '/ "/assets/lib/glightbox/glightbox.min.js"' not found.
[2026-02-21 17:05:29] ERROR '/ "/assets/lib/dayjs/dayjs.min.js"' not found.
[2026-02-21 17:05:29] ERROR '/ "/assets/lib/dayjs/locale/en.js"]' not found.
[2026-02-21 17:05:29] ERROR '/ "/assets/lib/clipboard/clipboard.min.js"' not found.
[2026-02-21 17:05:31] ERROR '/["/assets/lib/loading-attribute-polyfill/loading-attribute-polyfill.umd.min.js"' not found.
[2026-02-21 17:05:31] ERROR '/ "/assets/lib/dayjs/dayjs.min.js"' not found.
[2026-02-21 17:05:31] ERROR '/ "/assets/lib/dayjs/locale/en.js"]' not found.
[2026-02-21 17:05:32] ERROR '/feeds/' not found.
[2026-02-21 17:05:36] ERROR '/["/assets/lib/loading-attribute-polyfill/loading-attribute-polyfill.umd.min.js"' not found.
[2026-02-21 17:05:36] ERROR '/ "/assets/lib/glightbox/glightbox.min.js"' not found.
[2026-02-21 17:05:36] ERROR '/ "/assets/lib/clipboard/clipboard.min.js"' not found.
[2026-02-21 17:05:36] ERROR '/ "/assets/lib/dayjs/dayjs.min.js"' not found.
[2026-02-21 17:05:36] ERROR '/ "/assets/lib/dayjs/locale/en.js"]' not found.
[2026-02-21 17:05:45] ERROR '/["/assets/lib/loading-attribute-polyfill/loading-attribute-polyfill.umd.min.js"' not found.
[2026-02-21 17:05:45] ERROR '/ "/assets/lib/dayjs/dayjs.min.js"' not found.
[2026-02-21 17:05:45] ERROR '/ "/assets/lib/dayjs/locale/en.js"]' not found.
[2026-02-21 17:05:48] ERROR '/["/assets/lib/loading-attribute-polyfill/loading-attribute-polyfill.umd.min.js"' not found.
[2026-02-21 17:05:48] ERROR '/ "/assets/lib/dayjs/dayjs.min.js"' not found.
[2026-02-21 17:05:48] ERROR '/ "/assets/lib/dayjs/locale/en.js"]' not found.
[2026-02-21 17:05:54] ERROR '/feeds/' not found.
[2026-02-21 17:06:28] ERROR '/["/assets/lib/loading-attribute-polyfill/loading-attribute-polyfill.umd.min.js"' not found.
[2026-02-21 17:06:28] ERROR '/ "/assets/lib/dayjs/dayjs.min.js"' not found.
[2026-02-21 17:06:28] ERROR '/ "/assets/lib/dayjs/locale/en.js"]' not found.
[2026-02-21 17:06:32] ERROR '/ "/assets/lib/glightbox/glightbox.min.js"' not found.
[2026-02-21 17:06:32] ERROR '/["/assets/lib/loading-attribute-polyfill/loading-attribute-polyfill.umd.min.js"' not found.
[2026-02-21 17:06:32] ERROR '/ "/assets/lib/clipboard/clipboard.min.js"' not found.
[2026-02-21 17:06:32] ERROR '/ "/assets/lib/dayjs/locale/en.js"]' not found.
[2026-02-21 17:06:32] ERROR '/ "/assets/lib/dayjs/dayjs.min.js"' not found.
[2026-02-21 17:06:37] ERROR '/ "/assets/lib/dayjs/dayjs.min.js"' not found.
[2026-02-21 17:06:37] ERROR '/["/assets/lib/loading-attribute-polyfill/loading-attribute-polyfill.umd.min.js"' not found.
[2026-02-21 17:06:37] ERROR '/ "/assets/lib/dayjs/locale/en.js"]' not found.
[2026-02-21 17:06:41] ERROR '/feeds/' not found.
[2026-02-21 17:06:43] ERROR '/["/assets/lib/loading-attribute-polyfill/loading-attribute-polyfill.umd.min.js"' not found.
[2026-02-21 17:06:43] ERROR '/ "/assets/lib/glightbox/glightbox.min.js"' not found.
[2026-02-21 17:06:43] ERROR '/ "/assets/lib/clipboard/clipboard.min.js"' not found.
[2026-02-21 17:06:43] ERROR '/ "/assets/lib/dayjs/locale/en.js"]' not found.
[2026-02-21 17:06:43] ERROR '/ "/assets/lib/dayjs/dayjs.min.js"' not found.
[2026-02-21 17:06:50] ERROR '/ "/assets/lib/dayjs/dayjs.min.js"' not found.
[2026-02-21 17:06:50] ERROR '/["/assets/lib/loading-attribute-polyfill/loading-attribute-polyfill.umd.min.js"' not found.
[2026-02-21 17:06:50] ERROR '/ "/assets/lib/dayjs/locale/en.js"]' not found.
[2026-02-21 17:07:11] ERROR '/feeds/' not found.
[2026-02-21 17:07:24] ERROR '/["/assets/lib/loading-attribute-polyfill/loading-attribute-polyfill.umd.min.js"' not found.
[2026-02-21 17:07:24] ERROR '/ "/assets/lib/clipboard/clipboard.min.js"' not found.
[2026-02-21 17:07:24] ERROR '/ "/assets/lib/dayjs/dayjs.min.js"' not found.
[2026-02-21 17:07:24] ERROR '/ "/assets/lib/dayjs/locale/en.js"]' not found.
[2026-02-21 17:07:24] ERROR '/ "/assets/lib/glightbox/glightbox.min.js"' not found.
[2026-02-21 17:07:58] ERROR '/.well-known/appspecific/com.chrome.devtools.json' not found.
[2026-02-21 17:07:58] ERROR '/assets/lib/tocbot/tocbot.css.map' not found.
[2026-02-21 17:07:58] ERROR '/assets/lib/loading-attribute-polyfill/loading-attribute-polyfill.css.map' not found.
[2026-02-21 17:08:08] ERROR '/.well-known/appspecific/com.chrome.devtools.json' not found.
[2026-02-21 17:08:08] ERROR '/["/assets/lib/loading-attribute-polyfill/loading-attribute-polyfill.umd.min.js"' not found.
[2026-02-21 17:08:08] ERROR '/ "/assets/lib/glightbox/glightbox.min.js"' not found.
[2026-02-21 17:08:08] ERROR '/ "/assets/lib/clipboard/clipboard.min.js"' not found.
[2026-02-21 17:08:08] ERROR '/ "/assets/lib/dayjs/dayjs.min.js"' not found.
[2026-02-21 17:08:08] ERROR '/ "/assets/lib/dayjs/locale/en.js"]' not found.
[2026-02-21 17:08:08] ERROR '/assets/lib/loading-attribute-polyfill/loading-attribute-polyfill.css.map' not found.
[2026-02-21 17:08:08] ERROR '/assets/lib/tocbot/tocbot.css.map' not found.
[2026-02-21 17:08:08] ERROR '/.well-known/appspecific/com.chrome.devtools.json' not found.
[2026-02-21 17:08:08] ERROR '/["/assets/lib/loading-attribute-polyfill/loading-attribute-polyfill.umd.min.js"' not found.
[2026-02-21 17:08:08] ERROR '/ "/assets/lib/glightbox/glightbox.min.js"' not found.
[2026-02-21 17:08:08] ERROR '/ "/assets/lib/clipboard/clipboard.min.js"' not found.
[2026-02-21 17:08:08] ERROR '/ "/assets/lib/dayjs/dayjs.min.js"' not found.
[2026-02-21 17:08:08] ERROR '/ "/assets/lib/dayjs/locale/en.js"]' not found.
[2026-02-21 17:08:08] ERROR '/assets/lib/tocbot/tocbot.css.map' not found.
[2026-02-21 17:08:08] ERROR '/assets/lib/loading-attribute-polyfill/loading-attribute-polyfill.css.map' not found.
[2026-02-21 17:08:29] ERROR '/livereload.js' not found.
[2026-02-21 17:08:55] ERROR '/["/assets/lib/loading-attribute-polyfill/loading-attribute-polyfill.umd.min.js"' not found.
[2026-02-21 17:08:55] ERROR '/.well-known/appspecific/com.chrome.devtools.json' not found.
[2026-02-21 17:08:55] ERROR '/ "/assets/lib/glightbox/glightbox.min.js"' not found.
[2026-02-21 17:08:55] ERROR '/ "/assets/lib/clipboard/clipboard.min.js"' not found.
[2026-02-21 17:08:55] ERROR '/ "/assets/lib/dayjs/dayjs.min.js"' not found.
[2026-02-21 17:08:55] ERROR '/ "/assets/lib/dayjs/locale/en.js"]' not found.
[2026-02-21 17:08:55] ERROR '/assets/lib/loading-attribute-polyfill/loading-attribute-polyfill.css.map' not found.
[2026-02-21 17:08:55] ERROR '/assets/lib/tocbot/tocbot.css.map' not found.
[2026-02-21 17:10:04] ERROR '/search/' not found.
[2026-02-21 17:10:04] ERROR '/.well-known/appspecific/com.chrome.devtools.json' not found.
[2026-02-21 17:10:04] ERROR '/assets/lib/loading-attribute-polyfill/loading-attribute-polyfill.css.map' not found.
[2026-02-21 17:10:04] ERROR '/assets/lib/loading-attribute-polyfill/loading-attribute-polyfill.umd.js.map' not found.
      Regenerating: 1 file(s) changed at 2026-02-21 17:14:12
                    _data/origin/basic.yml
                    ...done in 1.1234595 seconds.
                    
      Regenerating: 1 file(s) changed at 2026-02-21 17:14:30
                    assets/css/jekyll-theme-chirpy.scss
                    ...done in 1.1496925 seconds.
                    
      Regenerating: 1 file(s) changed at 2026-02-21 17:14:50
                    assets/css/jekyll-theme-chirpy.scss
                    ...done in 1.1387101 seconds.
                    
      Regenerating: 1 file(s) changed at 2026-02-21 17:15:02
                    assets/css/jekyll-theme-chirpy.scss
                    ...done in 1.1243293 seconds.
                    
      Regenerating: 1 file(s) changed at 2026-02-21 17:15:16
                    assets/css/jekyll-theme-chirpy.scss
                    ...done in 1.1624052 seconds.
                    
      Regenerating: 1 file(s) changed at 2026-02-21 17:15:36
                    _layouts/home.html
                    ...done in 1.0914479 seconds.
                    
      Regenerating: 1 file(s) changed at 2026-02-21 17:16:01
                    assets/css/jekyll-theme-chirpy.scss
                    ...done in 1.1984852 seconds.
                    
      Regenerating: 1 file(s) changed at 2026-02-21 17:16:43
                    _layouts/home.html
                    ...done in 1.1118361 seconds.
                    
      Regenerating: 1 file(s) changed at 2026-02-21 17:17:06
                    assets/css/jekyll-theme-chirpy.scss
                    ...done in 1.1257358 seconds.
                    
      Regenerating: 1 file(s) changed at 2026-02-21 17:17:23
                    assets/css/jekyll-theme-chirpy.scss
                    ...done in 1.1554795 seconds.
                    
      Regenerating: 1 file(s) changed at 2026-02-21 17:18:01
                    assets/css/jekyll-theme-chirpy.scss
                    ...done in 1.1332703 seconds.
                    
      Regenerating: 1 file(s) changed at 2026-02-21 17:18:28
                    assets/css/jekyll-theme-chirpy.scss
                    ...done in 1.1191919 seconds.
                    
      Regenerating: 1 file(s) changed at 2026-02-21 17:18:46
                    _includes/toc.html
                    ...done in 1.1711833 seconds.
                    
      Regenerating: 1 file(s) changed at 2026-02-21 17:19:04
                    assets/css/jekyll-theme-chirpy.scss
                    ...done in 1.0996824 seconds.
                    
      Regenerating: 1 file(s) changed at 2026-02-21 17:19:20
                    _includes/post-widgets.html
                    ...done in 1.0004518 seconds.
                    
      Regenerating: 1 file(s) changed at 2026-02-21 17:20:14
                    _javascript/modules/components/search.js
                    ...done in 0.9751888 seconds.
                    
      Regenerating: 1 file(s) changed at 2026-02-21 17:20:31
                    _layouts/default.html
                    ...done in 1.0173655 seconds.
                    
      Regenerating: 1 file(s) changed at 2026-02-21 17:21:41
                    assets/css/jekyll-theme-chirpy.scss
                    ...done in 1.1706497 seconds.
                    
      Regenerating: 1 file(s) changed at 2026-02-21 17:22:10
                    assets/css/jekyll-theme-chirpy.scss
                    ...done in 1.0053837 seconds.
                    
      Regenerating: 1 file(s) changed at 2026-02-21 17:22:46
                    assets/css/jekyll-theme-chirpy.scss
                    ...done in 1.005135 seconds.
                    
      Regenerating: 1 file(s) changed at 2026-02-21 17:23:11
                    assets/css/jekyll-theme-chirpy.scss
                    ...done in 0.9927474 seconds.
                    
      Regenerating: 1 file(s) changed at 2026-02-21 17:23:51
                    assets/css/jekyll-theme-chirpy.scss
                    ...done in 1.0163048 seconds.
                    
      Regenerating: 1 file(s) changed at 2026-02-21 17:24:05
                    assets/css/jekyll-theme-chirpy.scss
                    ...done in 0.9674069 seconds.
                    
      Regenerating: 1 file(s) changed at 2026-02-21 17:25:20
                    assets/css/jekyll-theme-chirpy.scss
                    ...done in 0.9543524 seconds.
                    
      Regenerating: 1 file(s) changed at 2026-02-21 17:25:35
                    assets/css/jekyll-theme-chirpy.scss
                    ...done in 0.9573206 seconds.
                    
      Regenerating: 1 file(s) changed at 2026-02-21 17:26:41
                    assets/css/jekyll-theme-chirpy.scss
                    ...done in 0.997723 seconds.
                    
      Regenerating: 9 file(s) changed at 2026-02-21 17:27:01
                    assets/js/dist/app.min.js
                    assets/js/dist/categories.min.js
                    assets/js/dist/commons.min.js
                    assets/js/dist/home.min.js
                    assets/js/dist/misc.min.js
                    assets/js/dist/page.min.js
                    assets/js/dist/post.min.js
                    assets/js/dist/sw.min.js
                    assets/js/dist/theme.min.js
                    ...done in 0.961559 seconds.
                    
      Regenerating: 9 file(s) changed at 2026-02-21 17:27:02
                    assets/js/dist/commons.min.js
                    assets/js/dist/app.min.js
                    assets/js/dist/categories.min.js
                    assets/js/dist/home.min.js
                    assets/js/dist/misc.min.js
                    assets/js/dist/page.min.js
                    assets/js/dist/post.min.js
                    assets/js/dist/sw.min.js
                    assets/js/dist/theme.min.js
                    ...done in 0.9470714 seconds.
                    
      Regenerating: 1 file(s) changed at 2026-02-21 17:27:03
                    assets/js/dist/home.min.js
                    ...done in 0.9674406 seconds.
                    
      Regenerating: 2 file(s) changed at 2026-02-21 17:27:04
                    assets/js/dist/categories.min.js
                    assets/js/dist/page.min.js
                    ...done in 0.9299422 seconds.
                    
      Regenerating: 5 file(s) changed at 2026-02-21 17:27:05
                    assets/js/dist/post.min.js
                    assets/js/dist/misc.min.js
                    assets/js/dist/theme.min.js
                    assets/js/dist/app.min.js
                    assets/js/dist/sw.min.js
                    ...done in 0.9408806 seconds.
                    
[2026-02-21 17:28:05] ERROR '/search/' not found.
[2026-02-21 17:28:05] ERROR '/.well-known/appspecific/com.chrome.devtools.json' not found.
[2026-02-21 17:28:05] ERROR '/assets/lib/loading-attribute-polyfill/loading-attribute-polyfill.css.map' not found.
[2026-02-21 17:28:06] ERROR '/assets/lib/loading-attribute-polyfill/loading-attribute-polyfill.umd.js.map' not found.
[2026-02-21 17:28:09] ERROR '/.well-known/appspecific/com.chrome.devtools.json' not found.
[2026-02-21 17:28:09] ERROR '/["/assets/lib/loading-attribute-polyfill/loading-attribute-polyfill.umd.min.js"' not found.
[2026-02-21 17:28:09] ERROR '/ "/assets/lib/dayjs/dayjs.min.js"' not found.
[2026-02-21 17:28:09] ERROR '/ "/assets/lib/dayjs/locale/en.js"]' not found.
[2026-02-21 17:28:09] ERROR '/assets/lib/loading-attribute-polyfill/loading-attribute-polyfill.css.map' not found.
      Regenerating: 1 file(s) changed at 2026-02-21 17:28:46
                    assets/css/jekyll-theme-chirpy.scss
                    ...done in 1.1873271 seconds.
                    
[2026-02-21 17:28:49] ERROR '/.well-known/appspecific/com.chrome.devtools.json' not found.
[2026-02-21 17:28:49] ERROR '/["/assets/lib/loading-attribute-polyfill/loading-attribute-polyfill.umd.min.js"' not found.
[2026-02-21 17:28:49] ERROR '/ "/assets/lib/dayjs/dayjs.min.js"' not found.
[2026-02-21 17:28:49] ERROR '/ "/assets/lib/dayjs/locale/en.js"]' not found.
[2026-02-21 17:28:49] ERROR '/assets/lib/loading-attribute-polyfill/loading-attribute-polyfill.css.map' not found.
[2026-02-21 17:29:20] ERROR '/.well-known/appspecific/com.chrome.devtools.json' not found.
[2026-02-21 17:29:20] ERROR '/["/assets/lib/loading-attribute-polyfill/loading-attribute-polyfill.umd.min.js"' not found.
[2026-02-21 17:29:20] ERROR '/ "/assets/lib/dayjs/dayjs.min.js"' not found.
[2026-02-21 17:29:20] ERROR '/ "/assets/lib/dayjs/locale/en.js"]' not found.
[2026-02-21 17:29:20] ERROR '/assets/lib/loading-attribute-polyfill/loading-attribute-polyfill.css.map' not found.
[2026-02-21 17:29:21] ERROR '/.well-known/appspecific/com.chrome.devtools.json' not found.
[2026-02-21 17:29:21] ERROR '/["/assets/lib/loading-attribute-polyfill/loading-attribute-polyfill.umd.min.js"' not found.
[2026-02-21 17:29:21] ERROR '/ "/assets/lib/dayjs/dayjs.min.js"' not found.
[2026-02-21 17:29:21] ERROR '/ "/assets/lib/dayjs/locale/en.js"]' not found.
[2026-02-21 17:29:21] ERROR '/assets/lib/loading-attribute-polyfill/loading-attribute-polyfill.css.map' not found.
[2026-02-21 17:29:22] ERROR '/.well-known/appspecific/com.chrome.devtools.json' not found.
[2026-02-21 17:29:22] ERROR '/["/assets/lib/loading-attribute-polyfill/loading-attribute-polyfill.umd.min.js"' not found.
[2026-02-21 17:29:22] ERROR '/ "/assets/lib/dayjs/dayjs.min.js"' not found.
[2026-02-21 17:29:22] ERROR '/ "/assets/lib/dayjs/locale/en.js"]' not found.
[2026-02-21 17:29:22] ERROR '/assets/lib/loading-attribute-polyfill/loading-attribute-polyfill.css.map' not found.
[2026-02-21 17:29:28] ERROR '/.well-known/appspecific/com.chrome.devtools.json' not found.
[2026-02-21 17:29:28] ERROR '/assets/lib/loading-attribute-polyfill/loading-attribute-polyfill.css.map' not found.
[2026-02-21 17:29:36] ERROR '/.well-known/appspecific/com.chrome.devtools.json' not found.
[2026-02-21 17:29:36] ERROR '/["/assets/lib/loading-attribute-polyfill/loading-attribute-polyfill.umd.min.js"' not found.
[2026-02-21 17:29:36] ERROR '/ "/assets/lib/dayjs/locale/en.js"]' not found.
[2026-02-21 17:29:36] ERROR '/ "/assets/lib/dayjs/dayjs.min.js"' not found.
[2026-02-21 17:29:36] ERROR '/assets/lib/loading-attribute-polyfill/loading-attribute-polyfill.css.map' not found.
[2026-02-21 17:29:36] ERROR '/.well-known/appspecific/com.chrome.devtools.json' not found.
[2026-02-21 17:29:36] ERROR '/["/assets/lib/loading-attribute-polyfill/loading-attribute-polyfill.umd.min.js"' not found.
[2026-02-21 17:29:36] ERROR '/ "/assets/lib/dayjs/dayjs.min.js"' not found.
[2026-02-21 17:29:36] ERROR '/ "/assets/lib/dayjs/locale/en.js"]' not found.
[2026-02-21 17:29:36] ERROR '/assets/lib/loading-attribute-polyfill/loading-attribute-polyfill.css.map' not found.
[2026-02-21 17:29:36] ERROR '/.well-known/appspecific/com.chrome.devtools.json' not found.
[2026-02-21 17:29:36] ERROR '/["/assets/lib/loading-attribute-polyfill/loading-attribute-polyfill.umd.min.js"' not found.
[2026-02-21 17:29:36] ERROR '/.well-known/appspecific/com.chrome.devtools.json' not found.
[2026-02-21 17:29:37] ERROR '/.well-known/appspecific/com.chrome.devtools.json' not found.
[2026-02-21 17:29:37] ERROR '/["/assets/lib/loading-attribute-polyfill/loading-attribute-polyfill.umd.min.js"' not found.
[2026-02-21 17:29:37] ERROR '/.well-known/appspecific/com.chrome.devtools.json' not found.
[2026-02-21 17:29:37] ERROR '/ "/assets/lib/dayjs/locale/en.js"]' not found.
[2026-02-21 17:29:37] ERROR '/ "/assets/lib/dayjs/dayjs.min.js"' not found.
[2026-02-21 17:29:37] ERROR '/["/assets/lib/loading-attribute-polyfill/loading-attribute-polyfill.umd.min.js"' not found.
[2026-02-21 17:29:37] ERROR '/assets/lib/loading-attribute-polyfill/loading-attribute-polyfill.css.map' not found.
[2026-02-21 17:33:40] ERROR '/.well-known/appspecific/com.chrome.devtools.json' not found.
[2026-02-21 17:33:40] ERROR '/["/assets/lib/loading-attribute-polyfill/loading-attribute-polyfill.umd.min.js"' not found.
[2026-02-21 17:33:40] ERROR '/ "/assets/lib/dayjs/dayjs.min.js"' not found.
[2026-02-21 17:33:40] ERROR '/ "/assets/lib/dayjs/locale/en.js"]' not found.
[2026-02-21 17:33:41] ERROR '/assets/lib/loading-attribute-polyfill/loading-attribute-polyfill.css.map' not found.
[2026-02-21 17:33:42] ERROR '/["/assets/lib/loading-attribute-polyfill/loading-attribute-polyfill.umd.min.js"' not found.
[2026-02-21 17:33:42] ERROR '/.well-known/appspecific/com.chrome.devtools.json' not found.
[2026-02-21 17:33:42] ERROR '/ "/assets/lib/dayjs/dayjs.min.js"' not found.
[2026-02-21 17:33:43] ERROR '/ "/assets/lib/dayjs/locale/en.js"]' not found.
[2026-02-21 17:33:43] ERROR '/assets/lib/loading-attribute-polyfill/loading-attribute-polyfill.css.map' not found.
[2026-02-21 17:33:44] ERROR '/.well-known/appspecific/com.chrome.devtools.json' not found.
[2026-02-21 17:33:44] ERROR '/["/assets/lib/loading-attribute-polyfill/loading-attribute-polyfill.umd.min.js"' not found.
[2026-02-21 17:33:44] ERROR '/ "/assets/lib/dayjs/dayjs.min.js"' not found.
[2026-02-21 17:33:44] ERROR '/ "/assets/lib/dayjs/locale/en.js"]' not found.
[2026-02-21 17:33:44] ERROR '/assets/lib/loading-attribute-polyfill/loading-attribute-polyfill.css.map' not found.
[2026-02-21 17:33:47] ERROR '/.well-known/appspecific/com.chrome.devtools.json' not found.
[2026-02-21 17:33:47] ERROR '/["/assets/lib/loading-attribute-polyfill/loading-attribute-polyfill.umd.min.js"' not found.
[2026-02-21 17:33:47] ERROR '/ "/assets/lib/glightbox/glightbox.min.js"' not found.
[2026-02-21 17:33:47] ERROR '/ "/assets/lib/dayjs/locale/en.js"]' not found.
[2026-02-21 17:33:47] ERROR '/ "/assets/lib/clipboard/clipboard.min.js"' not found.
[2026-02-21 17:33:47] ERROR '/ "/assets/lib/dayjs/dayjs.min.js"' not found.
[2026-02-21 17:33:47] ERROR '/assets/lib/tocbot/tocbot.css.map' not found.
[2026-02-21 17:33:47] ERROR '/assets/lib/loading-attribute-polyfill/loading-attribute-polyfill.css.map' not found.
[2026-02-21 17:33:51] ERROR '/["/assets/lib/loading-attribute-polyfill/loading-attribute-polyfill.umd.min.js"' not found.
[2026-02-21 17:33:51] ERROR '/ "/assets/lib/dayjs/dayjs.min.js"' not found.
[2026-02-21 17:33:51] ERROR '/.well-known/appspecific/com.chrome.devtools.json' not found.
[2026-02-21 17:33:51] ERROR '/ "/assets/lib/dayjs/locale/en.js"]' not found.
[2026-02-21 17:33:51] ERROR '/assets/lib/loading-attribute-polyfill/loading-attribute-polyfill.css.map' not found.
[2026-02-21 17:34:06] ERROR '/["/assets/lib/loading-attribute-polyfill/loading-attribute-polyfill.umd.min.js"' not found.
[2026-02-21 17:34:06] ERROR '/ "/assets/lib/dayjs/dayjs.min.js"' not found.
[2026-02-21 17:34:06] ERROR '/.well-known/appspecific/com.chrome.devtools.json' not found.
[2026-02-21 17:34:06] ERROR '/ "/assets/lib/dayjs/locale/en.js"]' not found.
[2026-02-21 17:34:06] ERROR '/assets/lib/loading-attribute-polyfill/loading-attribute-polyfill.css.map' not found.
[2026-02-21 17:34:13] ERROR '/.well-known/appspecific/com.chrome.devtools.json' not found.
[2026-02-21 17:34:14] ERROR '/.well-known/appspecific/com.chrome.devtools.json' not found.
[2026-02-21 17:34:14] ERROR '/assets/lib/loading-attribute-polyfill/loading-attribute-polyfill.css.map' not found.
[2026-02-21 17:34:14] ERROR '/assets/lib/loading-attribute-polyfill/loading-attribute-polyfill.umd.js.map' not found.
[2026-02-21 17:34:15] ERROR '/feeds/' not found.
[2026-02-21 17:34:15] ERROR '/.well-known/appspecific/com.chrome.devtools.json' not found.
[2026-02-21 17:34:15] ERROR '/assets/lib/loading-attribute-polyfill/loading-attribute-polyfill.css.map' not found.
[2026-02-21 17:34:15] ERROR '/assets/lib/loading-attribute-polyfill/loading-attribute-polyfill.umd.js.map' not found.
[2026-02-21 17:34:15] ERROR '/feeds/' not found.
[2026-02-21 17:34:15] ERROR '/.well-known/appspecific/com.chrome.devtools.json' not found.
[2026-02-21 17:34:16] ERROR '/assets/lib/loading-attribute-polyfill/loading-attribute-polyfill.umd.js.map' not found.
[2026-02-21 17:34:16] ERROR '/assets/lib/loading-attribute-polyfill/loading-attribute-polyfill.css.map' not found.
[2026-02-21 17:34:16] ERROR '/.well-known/appspecific/com.chrome.devtools.json' not found.
[2026-02-21 17:34:16] ERROR '/assets/lib/loading-attribute-polyfill/loading-attribute-polyfill.css.map' not found.
[2026-02-21 17:34:16] ERROR '/assets/lib/loading-attribute-polyfill/loading-attribute-polyfill.umd.js.map' not found.
      Regenerating: 1 file(s) changed at 2026-02-21 17:36:04
                    _includes/jsdelivr-combine.html
                    ...done in 1.2762074 seconds.
                    
[2026-02-21 17:36:06] ERROR '/.well-known/appspecific/com.chrome.devtools.json' not found.
[2026-02-21 17:36:07] ERROR '/assets/lib/loading-attribute-polyfill/loading-attribute-polyfill.umd.js.map' not found.
[2026-02-21 17:36:07] ERROR '/assets/lib/loading-attribute-polyfill/loading-attribute-polyfill.css.map' not found.
      Regenerating: 1 file(s) changed at 2026-02-21 17:36:59
                    _includes/jsdelivr-combine.html
                    ...done in 1.3320447 seconds.
                    
[2026-02-21 17:37:01] ERROR '/.well-known/appspecific/com.chrome.devtools.json' not found.
[2026-02-21 17:37:01] ERROR '/assets/lib/loading-attribute-polyfill/loading-attribute-polyfill.umd.js.map' not found.
[2026-02-21 17:37:01] ERROR '/assets/lib/loading-attribute-polyfill/loading-attribute-polyfill.css.map' not found.
      Regenerating: 1 file(s) changed at 2026-02-21 17:37:47
                    _includes/js-selector.html
                    ...done in 1.0714753 seconds.
                    
[2026-02-21 17:37:49] ERROR '/.well-known/appspecific/com.chrome.devtools.json' not found.
[2026-02-21 17:37:49] ERROR '/assets/lib/loading-attribute-polyfill/loading-attribute-polyfill.umd.js.map' not found.
[2026-02-21 17:37:49] ERROR '/assets/lib/loading-attribute-polyfill/loading-attribute-polyfill.css.map' not found.
[2026-02-21 17:38:35] ERROR '/.well-known/appspecific/com.chrome.devtools.json' not found.
[2026-02-21 17:38:35] ERROR '/assets/lib/loading-attribute-polyfill/loading-attribute-polyfill.css.map' not found.
[2026-02-21 17:38:35] ERROR '/assets/lib/loading-attribute-polyfill/loading-attribute-polyfill.umd.js.map' not found.
[2026-02-21 17:38:35] ERROR '/["/assets/lib/loading-attribute-polyfill/loading-attribute-polyfill.umd.min.js", "/assets/lib/dayjs/dayjs.min.js", "/assets/lib/dayjs/locale/en.js"]' not found.
[2026-02-21 17:38:35] ERROR '/.well-known/appspecific/com.chrome.devtools.json' not found.
[2026-02-21 17:38:36] ERROR '/assets/lib/loading-attribute-polyfill/loading-attribute-polyfill.css.map' not found.
[2026-02-21 17:38:37] ERROR '/.well-known/appspecific/com.chrome.devtools.json' not found.
[2026-02-21 17:38:37] ERROR '/["/assets/lib/loading-attribute-polyfill/loading-attribute-polyfill.umd.min.js", "/assets/lib/dayjs/dayjs.min.js", "/assets/lib/dayjs/locale/en.js"]' not found.
[2026-02-21 17:38:37] ERROR '/assets/lib/loading-attribute-polyfill/loading-attribute-polyfill.css.map' not found.
[2026-02-21 17:38:37] ERROR '/.well-known/appspecific/com.chrome.devtools.json' not found.
[2026-02-21 17:38:37] ERROR '/["/assets/lib/loading-attribute-polyfill/loading-attribute-polyfill.umd.min.js", "/assets/lib/dayjs/dayjs.min.js", "/assets/lib/dayjs/locale/en.js"]' not found.
[2026-02-21 17:38:38] ERROR '/assets/lib/loading-attribute-polyfill/loading-attribute-polyfill.css.map' not found.
[2026-02-21 17:38:38] ERROR '/.well-known/appspecific/com.chrome.devtools.json' not found.
[2026-02-21 17:38:38] ERROR '/["/assets/lib/loading-attribute-polyfill/loading-attribute-polyfill.umd.min.js", "/assets/lib/dayjs/dayjs.min.js", "/assets/lib/dayjs/locale/en.js"]' not found.
[2026-02-21 17:38:38] ERROR '/.well-known/appspecific/com.chrome.devtools.json' not found.
[2026-02-21 17:38:38] ERROR '/["/assets/lib/loading-attribute-polyfill/loading-attribute-polyfill.umd.min.js", "/assets/lib/dayjs/dayjs.min.js", "/assets/lib/dayjs/locale/en.js"]' not found.
[2026-02-21 17:38:38] ERROR '/assets/lib/loading-attribute-polyfill/loading-attribute-polyfill.css.map' not found.
[2026-02-21 17:38:38] ERROR '/["/assets/lib/loading-attribute-polyfill/loading-attribute-polyfill.umd.min.js", "/assets/lib/dayjs/dayjs.min.js", "/assets/lib/dayjs/locale/en.js"]' not found.
[2026-02-21 17:38:38] ERROR '/.well-known/appspecific/com.chrome.devtools.json' not found.
[2026-02-21 17:38:38] ERROR '/assets/lib/loading-attribute-polyfill/loading-attribute-polyfill.css.map' not found.
[2026-02-21 17:38:38] ERROR '/.well-known/appspecific/com.chrome.devtools.json' not found.
[2026-02-21 17:38:38] ERROR '/["/assets/lib/loading-attribute-polyfill/loading-attribute-polyfill.umd.min.js", "/assets/lib/dayjs/dayjs.min.js", "/assets/lib/dayjs/locale/en.js"]' not found.
[2026-02-21 17:38:38] ERROR '/assets/lib/loading-attribute-polyfill/loading-attribute-polyfill.css.map' not found.
[2026-02-21 17:38:39] ERROR '/.well-known/appspecific/com.chrome.devtools.json' not found.
[2026-02-21 17:38:39] ERROR '/["/assets/lib/loading-attribute-polyfill/loading-attribute-polyfill.umd.min.js", "/assets/lib/dayjs/dayjs.min.js", "/assets/lib/dayjs/locale/en.js"]' not found.
[2026-02-21 17:38:39] ERROR '/assets/lib/loading-attribute-polyfill/loading-attribute-polyfill.css.map' not found.
[2026-02-21 17:38:39] ERROR '/.well-known/appspecific/com.chrome.devtools.json' not found.
[2026-02-21 17:38:39] ERROR '/["/assets/lib/loading-attribute-polyfill/loading-attribute-polyfill.umd.min.js", "/assets/lib/dayjs/dayjs.min.js", "/assets/lib/dayjs/locale/en.js"]' not found.
[2026-02-21 17:38:39] ERROR '/assets/lib/loading-attribute-polyfill/loading-attribute-polyfill.css.map' not found.
      Regenerating: 1 file(s) changed at 2026-02-21 17:38:45
                    _includes/js-selector.html
                    ...done in 1.2103554 seconds.
                    
[2026-02-21 17:38:48] ERROR '/.well-known/appspecific/com.chrome.devtools.json' not found.
[2026-02-21 17:38:48] ERROR '/assets/lib/loading-attribute-polyfill/loading-attribute-polyfill.css.map' not found.
[2026-02-21 17:38:48] ERROR '/assets/lib/loading-attribute-polyfill/loading-attribute-polyfill.umd.js.map' not found.
[2026-02-21 17:38:54] ERROR '/.well-known/appspecific/com.chrome.devtools.json' not found.
[2026-02-21 17:38:55] ERROR '/.well-known/appspecific/com.chrome.devtools.json' not found.
[2026-02-21 17:38:55] ERROR '/assets/lib/tocbot/tocbot.css.map' not found.
[2026-02-21 17:38:55] ERROR '/assets/lib/loading-attribute-polyfill/loading-attribute-polyfill.css.map' not found.
[2026-02-21 17:38:55] ERROR '/assets/lib/loading-attribute-polyfill/loading-attribute-polyfill.umd.js.map' not found.
[2026-02-21 17:38:56] ERROR '/.well-known/appspecific/com.chrome.devtools.json' not found.
[2026-02-21 17:38:57] ERROR '/.well-known/appspecific/com.chrome.devtools.json' not found.
[2026-02-21 17:38:57] ERROR '/assets/lib/loading-attribute-polyfill/loading-attribute-polyfill.css.map' not found.
[2026-02-21 17:38:57] ERROR '/assets/lib/loading-attribute-polyfill/loading-attribute-polyfill.umd.js.map' not found.
[2026-02-21 17:40:21] ERROR '/.well-known/appspecific/com.chrome.devtools.json' not found.
[2026-02-21 17:40:21] ERROR '/assets/lib/loading-attribute-polyfill/loading-attribute-polyfill.css.map' not found.
[2026-02-21 17:40:21] ERROR '/assets/lib/loading-attribute-polyfill/loading-attribute-polyfill.umd.js.map' not found.
[2026-02-21 17:40:32] ERROR '/.well-known/appspecific/com.chrome.devtools.json' not found.
[2026-02-21 17:40:32] ERROR '/assets/lib/loading-attribute-polyfill/loading-attribute-polyfill.css.map' not found.
[2026-02-21 17:40:32] ERROR '/assets/lib/loading-attribute-polyfill/loading-attribute-polyfill.umd.js.map' not found.
[2026-02-21 17:40:32] ERROR '/.well-known/appspecific/com.chrome.devtools.json' not found.
[2026-02-21 17:40:32] ERROR '/assets/lib/loading-attribute-polyfill/loading-attribute-polyfill.css.map' not found.
[2026-02-21 17:40:32] ERROR '/assets/lib/loading-attribute-polyfill/loading-attribute-polyfill.umd.js.map' not found.
[2026-02-21 17:40:33] ERROR '/.well-known/appspecific/com.chrome.devtools.json' not found.
[2026-02-21 17:40:33] ERROR '/assets/lib/loading-attribute-polyfill/loading-attribute-polyfill.umd.js.map' not found.
[2026-02-21 17:40:33] ERROR '/assets/lib/loading-attribute-polyfill/loading-attribute-polyfill.css.map' not found.
[2026-02-21 17:40:39] ERROR '/.well-known/appspecific/com.chrome.devtools.json' not found.
[2026-02-21 17:40:39] ERROR '/assets/lib/loading-attribute-polyfill/loading-attribute-polyfill.css.map' not found.
[2026-02-21 17:40:39] ERROR '/assets/lib/tocbot/tocbot.css.map' not found.
[2026-02-21 17:40:39] ERROR '/assets/lib/loading-attribute-polyfill/loading-attribute-polyfill.umd.js.map' not found.
[2026-02-21 17:40:44] ERROR '/.well-known/appspecific/com.chrome.devtools.json' not found.
[2026-02-21 17:40:44] ERROR '/assets/lib/loading-attribute-polyfill/loading-attribute-polyfill.css.map' not found.
[2026-02-21 17:40:44] ERROR '/assets/lib/loading-attribute-polyfill/loading-attribute-polyfill.umd.js.map' not found.
[2026-02-21 17:40:46] ERROR '/feeds/' not found.
[2026-02-21 17:40:46] ERROR '/.well-known/appspecific/com.chrome.devtools.json' not found.
[2026-02-21 17:40:47] ERROR '/assets/lib/loading-attribute-polyfill/loading-attribute-polyfill.umd.js.map' not found.
[2026-02-21 17:40:47] ERROR '/assets/lib/loading-attribute-polyfill/loading-attribute-polyfill.css.map' not found.
[2026-02-21 17:40:47] ERROR '/.well-known/appspecific/com.chrome.devtools.json' not found.
[2026-02-21 17:40:48] ERROR '/.well-known/appspecific/com.chrome.devtools.json' not found.
[2026-02-21 17:40:48] ERROR '/assets/lib/loading-attribute-polyfill/loading-attribute-polyfill.css.map' not found.
[2026-02-21 17:40:48] ERROR '/assets/lib/loading-attribute-polyfill/loading-attribute-polyfill.umd.js.map' not found.
[2026-02-21 17:40:49] ERROR '/feeds/' not found.
[2026-02-21 17:40:49] ERROR '/.well-known/appspecific/com.chrome.devtools.json' not found.
[2026-02-21 17:40:49] ERROR '/assets/lib/loading-attribute-polyfill/loading-attribute-polyfill.umd.js.map' not found.
[2026-02-21 17:40:49] ERROR '/assets/lib/loading-attribute-polyfill/loading-attribute-polyfill.css.map' not found.
[2026-02-21 17:40:50] ERROR '/.well-known/appspecific/com.chrome.devtools.json' not found.
[2026-02-21 17:40:50] ERROR '/assets/lib/loading-attribute-polyfill/loading-attribute-polyfill.css.map' not found.
[2026-02-21 17:40:50] ERROR '/assets/lib/loading-attribute-polyfill/loading-attribute-polyfill.umd.js.map' not found.
[2026-02-21 17:41:20] ERROR '/.well-known/appspecific/com.chrome.devtools.json' not found.
[2026-02-21 17:41:20] ERROR '/assets/lib/loading-attribute-polyfill/loading-attribute-polyfill.css.map' not found.
[2026-02-21 17:41:20] ERROR '/assets/lib/loading-attribute-polyfill/loading-attribute-polyfill.umd.js.map' not found.
[2026-02-21 17:41:22] ERROR '/.well-known/appspecific/com.chrome.devtools.json' not found.
[2026-02-21 17:41:22] ERROR '/favicon.ico' not found.
[2026-02-21 17:41:23] ERROR '/.well-known/appspecific/com.chrome.devtools.json' not found.
[2026-02-21 17:41:23] ERROR '/assets/lib/loading-attribute-polyfill/loading-attribute-polyfill.css.map' not found.
[2026-02-21 17:41:23] ERROR '/assets/lib/loading-attribute-polyfill/loading-attribute-polyfill.umd.js.map' not found.
[2026-02-21 17:41:24] ERROR '/.well-known/appspecific/com.chrome.devtools.json' not found.
[2026-02-21 17:41:25] ERROR '/feeds/' not found.
[2026-02-21 17:41:25] ERROR '/.well-known/appspecific/com.chrome.devtools.json' not found.
[2026-02-21 17:41:25] ERROR '/assets/lib/loading-attribute-polyfill/loading-attribute-polyfill.css.map' not found.
[2026-02-21 17:41:25] ERROR '/assets/lib/loading-attribute-polyfill/loading-attribute-polyfill.umd.js.map' not found.
[2026-02-21 17:41:25] ERROR '/.well-known/appspecific/com.chrome.devtools.json' not found.
[2026-02-21 17:41:26] ERROR '/assets/lib/loading-attribute-polyfill/loading-attribute-polyfill.css.map' not found.
[2026-02-21 17:41:26] ERROR '/assets/lib/loading-attribute-polyfill/loading-attribute-polyfill.umd.js.map' not found.
[2026-02-21 17:41:27] ERROR '/categories-blogging/' not found.
[2026-02-21 17:41:27] ERROR '/.well-known/appspecific/com.chrome.devtools.json' not found.
[2026-02-21 17:41:27] ERROR '/assets/lib/loading-attribute-polyfill/loading-attribute-polyfill.css.map' not found.
[2026-02-21 17:41:27] ERROR '/assets/lib/loading-attribute-polyfill/loading-attribute-polyfill.umd.js.map' not found.
[2026-02-21 17:41:28] ERROR '/.well-known/appspecific/com.chrome.devtools.json' not found.
[2026-02-21 17:41:28] ERROR '/.well-known/appspecific/com.chrome.devtools.json' not found.
[2026-02-21 17:41:29] ERROR '/assets/lib/loading-attribute-polyfill/loading-attribute-polyfill.css.map' not found.
[2026-02-21 17:41:29] ERROR '/assets/lib/loading-attribute-polyfill/loading-attribute-polyfill.umd.js.map' not found.
[2026-02-21 17:41:30] ERROR '/.well-known/appspecific/com.chrome.devtools.json' not found.
[2026-02-21 17:41:30] ERROR '/assets/lib/tocbot/tocbot.css.map' not found.
[2026-02-21 17:41:30] ERROR '/assets/lib/loading-attribute-polyfill/loading-attribute-polyfill.css.map' not found.
[2026-02-21 17:41:30] ERROR '/assets/lib/loading-attribute-polyfill/loading-attribute-polyfill.umd.js.map' not found.
      Regenerating: 1 file(s) changed at 2026-02-21 17:43:01
                    assets/css/jekyll-theme-chirpy.scss
                    ...done in 1.0202501 seconds.
                    
[2026-02-21 17:43:03] ERROR '/.well-known/appspecific/com.chrome.devtools.json' not found.
[2026-02-21 17:43:03] ERROR '/assets/lib/loading-attribute-polyfill/loading-attribute-polyfill.umd.js.map' not found.
[2026-02-21 17:43:03] ERROR '/assets/lib/loading-attribute-polyfill/loading-attribute-polyfill.css.map' not found.
[2026-02-21 17:43:03] ERROR '/assets/lib/tocbot/tocbot.css.map' not found.
      Regenerating: 1 file(s) changed at 2026-02-21 17:43:26
                    assets/css/jekyll-theme-chirpy.scss
                    ...done in 0.9591124 seconds.
                    
[2026-02-21 17:43:28] ERROR '/.well-known/appspecific/com.chrome.devtools.json' not found.
[2026-02-21 17:43:28] ERROR '/assets/lib/loading-attribute-polyfill/loading-attribute-polyfill.umd.js.map' not found.
[2026-02-21 17:43:28] ERROR '/assets/lib/loading-attribute-polyfill/loading-attribute-polyfill.css.map' not found.
[2026-02-21 17:43:28] ERROR '/assets/lib/tocbot/tocbot.css.map' not found.
      Regenerating: 1 file(s) changed at 2026-02-21 17:44:29
                    assets/css/jekyll-theme-chirpy.scss
                    ...done in 1.2473892 seconds.
                    
[2026-02-21 17:44:32] ERROR '/.well-known/appspecific/com.chrome.devtools.json' not found.
[2026-02-21 17:44:32] ERROR '/assets/lib/loading-attribute-polyfill/loading-attribute-polyfill.umd.js.map' not found.
[2026-02-21 17:44:32] ERROR '/assets/lib/tocbot/tocbot.css.map' not found.
[2026-02-21 17:44:32] ERROR '/assets/lib/loading-attribute-polyfill/loading-attribute-polyfill.css.map' not found.
      Regenerating: 1 file(s) changed at 2026-02-21 17:45:24
                    assets/css/jekyll-theme-chirpy.scss
                    ...done in 0.9744193 seconds.
                    
[2026-02-21 17:45:26] ERROR '/.well-known/appspecific/com.chrome.devtools.json' not found.
[2026-02-21 17:45:26] ERROR '/assets/lib/tocbot/tocbot.css.map' not found.
[2026-02-21 17:45:26] ERROR '/assets/lib/loading-attribute-polyfill/loading-attribute-polyfill.css.map' not found.
[2026-02-21 17:45:26] ERROR '/assets/lib/loading-attribute-polyfill/loading-attribute-polyfill.umd.js.map' not found.
      Regenerating: 1 file(s) changed at 2026-02-21 17:46:14
                    assets/css/jekyll-theme-chirpy.scss
                    ...done in 1.2823246 seconds.
                    
[2026-02-21 17:46:16] ERROR '/.well-known/appspecific/com.chrome.devtools.json' not found.
[2026-02-21 17:46:16] ERROR '/assets/lib/loading-attribute-polyfill/loading-attribute-polyfill.umd.js.map' not found.
[2026-02-21 17:46:16] ERROR '/assets/lib/tocbot/tocbot.css.map' not found.
[2026-02-21 17:46:16] ERROR '/assets/lib/loading-attribute-polyfill/loading-attribute-polyfill.css.map' not found.
      Regenerating: 1 file(s) changed at 2026-02-21 17:47:13
                    assets/css/jekyll-theme-chirpy.scss
                    ...done in 1.2671009 seconds.
                    
[2026-02-21 17:47:15] ERROR '/.well-known/appspecific/com.chrome.devtools.json' not found.
[2026-02-21 17:47:15] ERROR '/assets/lib/loading-attribute-polyfill/loading-attribute-polyfill.umd.js.map' not found.
[2026-02-21 17:47:15] ERROR '/assets/lib/loading-attribute-polyfill/loading-attribute-polyfill.css.map' not found.
[2026-02-21 17:47:15] ERROR '/assets/lib/tocbot/tocbot.css.map' not found.
      Regenerating: 1 file(s) changed at 2026-02-21 17:48:00
                    assets/css/jekyll-theme-chirpy.scss
                    ...done in 1.2385123 seconds.
                    
      Regenerating: 1 file(s) changed at 2026-02-21 17:48:45
                    assets/css/jekyll-theme-chirpy.scss
                    ...done in 1.2550797 seconds.
                    
      Regenerating: 1 file(s) changed at 2026-02-21 17:49:31
                    assets/css/jekyll-theme-chirpy.scss
                    ...done in 1.1588434 seconds.
                    
      Regenerating: 1 file(s) changed at 2026-02-21 17:50:20
                    assets/css/jekyll-theme-chirpy.scss
                    ...done in 1.1079921 seconds.
                    
      Regenerating: 1 file(s) changed at 2026-02-21 17:51:20
                    assets/css/jekyll-theme-chirpy.scss
                    ...done in 1.2411978 seconds.
                    
      Regenerating: 1 file(s) changed at 2026-02-21 17:51:39
                    assets/css/jekyll-theme-chirpy.scss
                    ...done in 1.1070025 seconds.
                    
      Regenerating: 1 file(s) changed at 2026-02-21 17:51:57
                    assets/css/jekyll-theme-chirpy.scss
                    ...done in 1.1305387 seconds.
                    
      Regenerating: 1 file(s) changed at 2026-02-21 17:53:03
                    assets/css/jekyll-theme-chirpy.scss
                    ...done in 1.1616307 seconds.
                    
      Regenerating: 1 file(s) changed at 2026-02-21 17:54:20
                    assets/css/jekyll-theme-chirpy.scss
                    ...done in 1.2150837 seconds.
                    
      Regenerating: 1 file(s) changed at 2026-02-21 17:54:40
                    assets/css/jekyll-theme-chirpy.scss
                    ...done in 1.2840194 seconds.
                    
